# JRE version: Java(TM) SE Runtime Environment (7.0_76-b13) (build 1.7.0_76-b13)
# Java VM: Java HotSpot(TM) 64-Bit Server VM (24.76-b04 mixed mode linux-amd64 compressed oops)
Heap
 PSYoungGen      total 10127360K, used 8569414K [0x000000058f000000, 0x00000007ff980000, 0x0000000800000000)
  eden space 10021888K, 84% used [0x000000058f000000,0x0000000796999b40,0x00000007f2b00000)
  from space 105472K, 53% used [0x00000007f2b00000,0x00000007f61f8080,0x00000007f9200000)
  to   space 103424K, 0% used [0x00000007f9480000,0x00000007f9480000,0x00000007ff980000)
 ParOldGen       total 1774080K, used 1305503K [0x00000000ad000000, 0x0000000119480000, 0x000000058f000000)
  object space 1774080K, 73% used [0x00000000ad000000,0x00000000fcae7ed0,0x0000000119480000)
 PSPermGen       total 210944K, used 145600K [0x000000008d000000, 0x0000000099e00000, 0x00000000ad000000)
  object space 210944K, 69% used [0x000000008d000000,0x0000000095e302f0,0x0000000099e00000)
GC Heap History (10 events):
Event: 8085.764 GC heap before
{Heap before GC invocations=157 (full 4):
 PSYoungGen      total 10132992K, used 10076058K [0x000000058f000000, 0x00000007ffe00000, 0x0000000800000000)
  eden space 10029056K, 100% used [0x000000058f000000,0x00000007f3200000,0x00000007f3200000)
  from space 103936K, 45% used [0x00000007f9780000,0x00000007fc5669e0,0x00000007ffd00000)
  to   space 103936K, 0% used [0x00000007f3200000,0x00000007f3200000,0x00000007f9780000)
 ParOldGen       total 1774080K, used 1303557K [0x00000000ad000000, 0x0000000119480000, 0x000000058f000000)
  object space 1774080K, 73% used [0x00000000ad000000,0x00000000fc9015a0,0x0000000119480000)
 PSPermGen       total 210944K, used 145490K [0x000000008d000000, 0x0000000099e00000, 0x00000000ad000000)
  object space 210944K, 68% used [0x000000008d000000,0x0000000095e14bd8,0x0000000099e00000)
Event: 8085.906 GC heap after
Heap after GC invocations=157 (full 4):
 PSYoungGen      total 10129920K, used 100778K [0x000000058f000000, 0x0000000800000000, 0x0000000800000000)
  eden space 10029056K, 0% used [0x000000058f000000,0x000000058f000000,0x00000007f3200000)
  from space 100864K, 99% used [0x00000007f3200000,0x00000007f946ab70,0x00000007f9480000)
  to   space 110080K, 0% used [0x00000007f9480000,0x00000007f9480000,0x0000000800000000)
 ParOldGen       total 1774080K, used 1303765K [0x00000000ad000000, 0x0000000119480000, 0x000000058f000000)
  object space 1774080K, 73% used [0x00000000ad000000,0x00000000fc9355a0,0x0000000119480000)
 PSPermGen       total 210944K, used 145490K [0x000000008d000000, 0x0000000099e00000, 0x00000000ad000000)
  object space 210944K, 68% used [0x000000008d000000,0x0000000095e14bd8,0x0000000099e00000)
}
Event: 8186.525 GC heap before
{Heap before GC invocations=158 (full 4):
 PSYoungGen      total 10129920K, used 10129834K [0x000000058f000000, 0x0000000800000000, 0x0000000800000000)
  eden space 10029056K, 100% used [0x000000058f000000,0x00000007f3200000,0x00000007f3200000)
  from space 100864K, 99% used [0x00000007f3200000,0x00000007f946ab70,0x00000007f9480000)
  to   space 110080K, 0% used [0x00000007f9480000,0x00000007f9480000,0x0000000800000000)
 ParOldGen       total 1774080K, used 1303765K [0x00000000ad000000, 0x0000000119480000, 0x000000058f000000)
  object space 1774080K, 73% used [0x00000000ad000000,0x00000000fc9355a0,0x0000000119480000)
 PSPermGen       total 210944K, used 145504K [0x000000008d000000, 0x0000000099e00000, 0x00000000ad000000)
  object space 210944K, 68% used [0x000000008d000000,0x0000000095e18270,0x0000000099e00000)
Event: 8186.623 GC heap after
Heap after GC invocations=158 (full 4):
 PSYoungGen      total 10128896K, used 58210K [0x000000058f000000, 0x0000000800000000, 0x0000000800000000)
  eden space 10018816K, 0% used [0x000000058f000000,0x000000058f000000,0x00000007f2800000)
  from space 110080K, 52% used [0x00000007f9480000,0x00000007fcd589c0,0x0000000800000000)
  to   space 110592K, 0% used [0x00000007f2800000,0x00000007f2800000,0x00000007f9400000)
 ParOldGen       total 1774080K, used 1304293K [0x00000000ad000000, 0x0000000119480000, 0x000000058f000000)
  object space 1774080K, 73% used [0x00000000ad000000,0x00000000fc9b95a0,0x0000000119480000)
 PSPermGen       total 210944K, used 145504K [0x000000008d000000, 0x0000000099e00000, 0x00000000ad000000)
  object space 210944K, 68% used [0x000000008d000000,0x0000000095e18270,0x0000000099e00000)
}
Event: 8285.382 GC heap before
{Heap before GC invocations=159 (full 4):
 PSYoungGen      total 10128896K, used 10077026K [0x000000058f000000, 0x0000000800000000, 0x0000000800000000)
  eden space 10018816K, 100% used [0x000000058f000000,0x00000007f2800000,0x00000007f2800000)
  from space 110080K, 52% used [0x00000007f9480000,0x00000007fcd589c0,0x0000000800000000)
  to   space 110592K, 0% used [0x00000007f2800000,0x00000007f2800000,0x00000007f9400000)
 ParOldGen       total 1774080K, used 1304293K [0x00000000ad000000, 0x0000000119480000, 0x000000058f000000)
  object space 1774080K, 73% used [0x00000000ad000000,0x00000000fc9b95a0,0x0000000119480000)
 PSPermGen       total 210944K, used 145525K [0x000000008d000000, 0x0000000099e00000, 0x00000000ad000000)
  object space 210944K, 68% used [0x000000008d000000,0x0000000095e1d708,0x0000000099e00000)
Event: 8285.558 GC heap after
Heap after GC invocations=159 (full 4):
 PSYoungGen      total 10076160K, used 56939K [0x000000058f000000, 0x00000007ffb80000, 0x0000000800000000)
  eden space 10018816K, 0% used [0x000000058f000000,0x000000058f000000,0x00000007f2800000)
  from space 57344K, 99% used [0x00000007f2800000,0x00000007f5f9adc0,0x00000007f6000000)
  to   space 108032K, 0% used [0x00000007f9200000,0x00000007f9200000,0x00000007ffb80000)
 ParOldGen       total 1774080K, used 1304725K [0x00000000ad000000, 0x0000000119480000, 0x000000058f000000)
  object space 1774080K, 73% used [0x00000000ad000000,0x00000000fca255c0,0x0000000119480000)
 PSPermGen       total 210944K, used 145525K [0x000000008d000000, 0x0000000099e00000, 0x00000000ad000000)
  object space 210944K, 68% used [0x000000008d000000,0x0000000095e1d708,0x0000000099e00000)
}
Event: 8384.587 GC heap before
{Heap before GC invocations=160 (full 4):
 PSYoungGen      total 10076160K, used 10075755K [0x000000058f000000, 0x00000007ffb80000, 0x0000000800000000)
  eden space 10018816K, 100% used [0x000000058f000000,0x00000007f2800000,0x00000007f2800000)
  from space 57344K, 99% used [0x00000007f2800000,0x00000007f5f9adc0,0x00000007f6000000)
  to   space 108032K, 0% used [0x00000007f9200000,0x00000007f9200000,0x00000007ffb80000)
 ParOldGen       total 1774080K, used 1304725K [0x00000000ad000000, 0x0000000119480000, 0x000000058f000000)
  object space 1774080K, 73% used [0x00000000ad000000,0x00000000fca255c0,0x0000000119480000)
 PSPermGen       total 210944K, used 145535K [0x000000008d000000, 0x0000000099e00000, 0x00000000ad000000)
  object space 210944K, 68% used [0x000000008d000000,0x0000000095e1ff28,0x0000000099e00000)
Event: 8384.712 GC heap after
Heap after GC invocations=160 (full 4):
 PSYoungGen      total 10129920K, used 55859K [0x000000058f000000, 0x0000000800000000, 0x0000000800000000)
  eden space 10021888K, 0% used [0x000000058f000000,0x000000058f000000,0x00000007f2b00000)
  from space 108032K, 51% used [0x00000007f9200000,0x00000007fc88cc70,0x00000007ffb80000)
  to   space 105472K, 0% used [0x00000007f2b00000,0x00000007f2b00000,0x00000007f9200000)
 ParOldGen       total 1774080K, used 1305215K [0x00000000ad000000, 0x0000000119480000, 0x000000058f000000)
  object space 1774080K, 73% used [0x00000000ad000000,0x00000000fca9fed0,0x0000000119480000)
 PSPermGen       total 210944K, used 145535K [0x000000008d000000, 0x0000000099e00000, 0x00000000ad000000)
  object space 210944K, 68% used [0x000000008d000000,0x0000000095e1ff28,0x0000000099e00000)
}
Event: 8483.459 GC heap before
{Heap before GC invocations=161 (full 4):
 PSYoungGen      total 10129920K, used 10077747K [0x000000058f000000, 0x0000000800000000, 0x0000000800000000)
  eden space 10021888K, 100% used [0x000000058f000000,0x00000007f2b00000,0x00000007f2b00000)
  from space 108032K, 51% used [0x00000007f9200000,0x00000007fc88cc70,0x00000007ffb80000)
  to   space 105472K, 0% used [0x00000007f2b00000,0x00000007f2b00000,0x00000007f9200000)
 ParOldGen       total 1774080K, used 1305215K [0x00000000ad000000, 0x0000000119480000, 0x000000058f000000)
  object space 1774080K, 73% used [0x00000000ad000000,0x00000000fca9fed0,0x0000000119480000)
 PSPermGen       total 210944K, used 145569K [0x000000008d000000, 0x0000000099e00000, 0x00000000ad000000)
  object space 210944K, 69% used [0x000000008d000000,0x0000000095e28530,0x0000000099e00000)
Event: 8483.509 GC heap after
Heap after GC invocations=161 (full 4):
 PSYoungGen      total 10127360K, used 56288K [0x000000058f000000, 0x00000007ff980000, 0x0000000800000000)
  eden space 10021888K, 0% used [0x000000058f000000,0x000000058f000000,0x00000007f2b00000)
  from space 105472K, 53% used [0x00000007f2b00000,0x00000007f61f8080,0x00000007f9200000)
  to   space 103424K, 0% used [0x00000007f9480000,0x00000007f9480000,0x00000007ff980000)
 ParOldGen       total 1774080K, used 1305503K [0x00000000ad000000, 0x0000000119480000, 0x000000058f000000)
  object space 1774080K, 73% used [0x00000000ad000000,0x00000000fcae7ed0,0x0000000119480000)
 PSPermGen       total 210944K, used 145569K [0x000000008d000000, 0x0000000099e00000, 0x00000000ad000000)
  object space 210944K, 69% used [0x000000008d000000,0x0000000095e28530,0x0000000099e00000)
}

